<?xml version="1.0" encoding="UTF-8"?>
<testsuite xmlns:xsi="http://www.w3.org/2001/XMLSchema-instance" xsi:noNamespaceSchemaLocation="https://maven.apache.org/surefire/maven-surefire-plugin/xsd/surefire-test-report.xsd" name="pl.polsl.kubala.patryk.model.ModelTest" time="0.942" tests="23" errors="0" skipped="0" failures="2">
  <properties>
    <property name="java.specification.version" value="17"/>
    <property name="sun.cpu.isalist" value="amd64"/>
    <property name="sun.jnu.encoding" value="Cp1252"/>
    <property name="java.class.path" value="C:\Users\patry\Documents\NetBeansProjects\pl.polsl.kubala.patryk\pl.polsl.kubala.patryk\target\test-classes;C:\Users\patry\Documents\NetBeansProjects\pl.polsl.kubala.patryk\pl.polsl.kubala.patryk\target\classes;C:\Users\patry\.m2\repository\org\junit\jupiter\junit-jupiter-api\5.6.0\junit-jupiter-api-5.6.0.jar;C:\Users\patry\.m2\repository\org\apiguardian\apiguardian-api\1.1.0\apiguardian-api-1.1.0.jar;C:\Users\patry\.m2\repository\org\opentest4j\opentest4j\1.2.0\opentest4j-1.2.0.jar;C:\Users\patry\.m2\repository\org\junit\platform\junit-platform-commons\1.6.0\junit-platform-commons-1.6.0.jar;C:\Users\patry\.m2\repository\org\junit\jupiter\junit-jupiter-params\5.6.0\junit-jupiter-params-5.6.0.jar;C:\Users\patry\.m2\repository\org\junit\jupiter\junit-jupiter-engine\5.6.0\junit-jupiter-engine-5.6.0.jar;C:\Users\patry\.m2\repository\org\junit\platform\junit-platform-engine\1.6.0\junit-platform-engine-1.6.0.jar;"/>
    <property name="java.vm.vendor" value="Oracle Corporation"/>
    <property name="sun.arch.data.model" value="64"/>
    <property name="user.variant" value=""/>
    <property name="java.vendor.url" value="https://java.oracle.com/"/>
    <property name="user.timezone" value="Europe/Warsaw"/>
    <property name="os.name" value="Windows 10"/>
    <property name="java.vm.specification.version" value="17"/>
    <property name="user.country" value="PL"/>
    <property name="sun.java.launcher" value="SUN_STANDARD"/>
    <property name="sun.boot.library.path" value="C:\Program Files\Java\jdk-17.0.4.1\bin"/>
    <property name="sun.java.command" value="C:\Users\patry\AppData\Local\Temp\surefire2798594569445271957\surefirebooter13139595017076126241.jar C:\Users\patry\AppData\Local\Temp\surefire2798594569445271957 2022-11-10T00-20-07_849-jvmRun1 surefire13554663041367220341tmp surefire_02191681351737048745tmp"/>
    <property name="jdk.debug" value="release"/>
    <property name="test" value="pl.polsl.kubala.patryk.model.ModelTest"/>
    <property name="surefire.test.class.path" value="C:\Users\patry\Documents\NetBeansProjects\pl.polsl.kubala.patryk\pl.polsl.kubala.patryk\target\test-classes;C:\Users\patry\Documents\NetBeansProjects\pl.polsl.kubala.patryk\pl.polsl.kubala.patryk\target\classes;C:\Users\patry\.m2\repository\org\junit\jupiter\junit-jupiter-api\5.6.0\junit-jupiter-api-5.6.0.jar;C:\Users\patry\.m2\repository\org\apiguardian\apiguardian-api\1.1.0\apiguardian-api-1.1.0.jar;C:\Users\patry\.m2\repository\org\opentest4j\opentest4j\1.2.0\opentest4j-1.2.0.jar;C:\Users\patry\.m2\repository\org\junit\platform\junit-platform-commons\1.6.0\junit-platform-commons-1.6.0.jar;C:\Users\patry\.m2\repository\org\junit\jupiter\junit-jupiter-params\5.6.0\junit-jupiter-params-5.6.0.jar;C:\Users\patry\.m2\repository\org\junit\jupiter\junit-jupiter-engine\5.6.0\junit-jupiter-engine-5.6.0.jar;C:\Users\patry\.m2\repository\org\junit\platform\junit-platform-engine\1.6.0\junit-platform-engine-1.6.0.jar;"/>
    <property name="sun.cpu.endian" value="little"/>
    <property name="user.home" value="C:\Users\patry"/>
    <property name="user.language" value="pl"/>
    <property name="java.specification.vendor" value="Oracle Corporation"/>
    <property name="java.version.date" value="2022-08-18"/>
    <property name="java.home" value="C:\Program Files\Java\jdk-17.0.4.1"/>
    <property name="file.separator" value="\"/>
    <property name="basedir" value="C:\Users\patry\Documents\NetBeansProjects\pl.polsl.kubala.patryk\pl.polsl.kubala.patryk"/>
    <property name="java.vm.compressedOopsMode" value="Zero based"/>
    <property name="line.separator" value="&#10;"/>
    <property name="java.vm.specification.vendor" value="Oracle Corporation"/>
    <property name="java.specification.name" value="Java Platform API Specification"/>
    <property name="surefire.real.class.path" value="C:\Users\patry\AppData\Local\Temp\surefire2798594569445271957\surefirebooter13139595017076126241.jar"/>
    <property name="user.script" value=""/>
    <property name="sun.management.compiler" value="HotSpot 64-Bit Tiered Compilers"/>
    <property name="java.runtime.version" value="17.0.4.1+1-LTS-2"/>
    <property name="user.name" value="patry"/>
    <property name="path.separator" value=";"/>
    <property name="os.version" value="10.0"/>
    <property name="java.runtime.name" value="Java(TM) SE Runtime Environment"/>
    <property name="file.encoding" value="UTF-8"/>
    <property name="java.vm.name" value="Java HotSpot(TM) 64-Bit Server VM"/>
    <property name="maven.ext.class.path" value="C:\Program Files\NetBeans-15\netbeans\java\maven-nblib\netbeans-eventspy.jar"/>
    <property name="localRepository" value="C:\Users\patry\.m2\repository"/>
    <property name="java.vendor.url.bug" value="https://bugreport.java.com/bugreport/"/>
    <property name="java.io.tmpdir" value="C:\Users\patry\AppData\Local\Temp\"/>
    <property name="java.version" value="17.0.4.1"/>
    <property name="user.dir" value="C:\Users\patry\Documents\NetBeansProjects\pl.polsl.kubala.patryk\pl.polsl.kubala.patryk"/>
    <property name="os.arch" value="amd64"/>
    <property name="java.vm.specification.name" value="Java Virtual Machine Specification"/>
    <property name="sun.os.patch.level" value=""/>
    <property name="native.encoding" value="Cp1252"/>
    <property name="java.library.path" value="C:\Program Files\Java\jdk-17.0.4.1\bin;C:\Windows\Sun\Java\bin;C:\Windows\system32;C:\Windows;C:\Program Files\Common Files\Oracle\Java\javapath;C:\Windows\system32;C:\Windows;C:\Windows\System32\Wbem;C:\Windows\System32\WindowsPowerShell\v1.0\;C:\Windows\System32\OpenSSH\;C:\Program Files (x86)\NVIDIA Corporation\PhysX\Common;C:\Program Files\Git\cmd;C:\Program Files\nodejs\;C:\Program Files\dotnet\;C:\Users\patry\AppData\Local\Programs\Python\Python310\Scripts\;C:\Users\patry\AppData\Local\Programs\Python\Python310\;C:\Users\patry\AppData\Local\Microsoft\WindowsApps;;D:\Microsoft VS Code\bin;C:\Users\patry\AppData\Roaming\npm;."/>
    <property name="java.vm.info" value="mixed mode, sharing"/>
    <property name="java.vendor" value="Oracle Corporation"/>
    <property name="java.vm.version" value="17.0.4.1+1-LTS-2"/>
    <property name="sun.io.unicode.encoding" value="UnicodeLittle"/>
    <property name="java.class.version" value="61.0"/>
  </properties>
  <testcase name="testDecodeText{String, String, boolean}[1]" classname="pl.polsl.kubala.patryk.model.ModelTest" time="0.119"/>
  <testcase name="testDecodeText{String, String, boolean}[2]" classname="pl.polsl.kubala.patryk.model.ModelTest" time="0.089"/>
  <testcase name="testDecodeText{String, String, boolean}[3]" classname="pl.polsl.kubala.patryk.model.ModelTest" time="0.086"/>
  <testcase name="setSeedTest{int}[1]" classname="pl.polsl.kubala.patryk.model.ModelTest" time="0.068"/>
  <testcase name="setSeedTest{int}[2]" classname="pl.polsl.kubala.patryk.model.ModelTest" time="0.053"/>
  <testcase name="setSeedTest{int}[3]" classname="pl.polsl.kubala.patryk.model.ModelTest" time="0.048"/>
  <testcase name="setSeedTest{int}[4]" classname="pl.polsl.kubala.patryk.model.ModelTest" time="0.051"/>
  <testcase name="setSeedTest{int}[5]" classname="pl.polsl.kubala.patryk.model.ModelTest" time="0.049"/>
  <testcase name="setSeedTest{int}[6]" classname="pl.polsl.kubala.patryk.model.ModelTest" time="0.054"/>
  <testcase name="testEncodeText{String, String, boolean}[1]" classname="pl.polsl.kubala.patryk.model.ModelTest" time="0.06">
    <failure message="Error ==&gt; expected: &lt;591 180 949 730 847 411&gt; but was: &lt;568 203 385 741 156 411 &gt;" type="org.opentest4j.AssertionFailedError"><![CDATA[org.opentest4j.AssertionFailedError: Error ==> expected: <591 180 949 730 847 411> but was: <568 203 385 741 156 411 >
	at pl.polsl.kubala.patryk.model.ModelTest.testEncodeText(ModelTest.java:229)
]]></failure>
    <system-out><![CDATA[encodeText
]]></system-out>
  </testcase>
  <testcase name="testEncodeText{String, String, boolean}[2]" classname="pl.polsl.kubala.patryk.model.ModelTest" time="0.052"/>
  <testcase name="testEncodeText{String, String, boolean}[3]" classname="pl.polsl.kubala.patryk.model.ModelTest" time="0.053">
    <failure message="Error ==&gt; expected: &lt;591&gt; but was: &lt;568 &gt;" type="org.opentest4j.AssertionFailedError"><![CDATA[org.opentest4j.AssertionFailedError: Error ==> expected: <591> but was: <568 >
	at pl.polsl.kubala.patryk.model.ModelTest.testEncodeText(ModelTest.java:229)
]]></failure>
    <system-out><![CDATA[encodeText
]]></system-out>
  </testcase>
  <testcase name="testEncodeText{String, String, boolean}[4]" classname="pl.polsl.kubala.patryk.model.ModelTest" time="0.08"/>
  <testcase name="testTakeFromCommandLineSeed{int, int, boolean}[1]" classname="pl.polsl.kubala.patryk.model.ModelTest" time="0.006"/>
  <testcase name="testTakeFromCommandLineSeed{int, int, boolean}[2]" classname="pl.polsl.kubala.patryk.model.ModelTest" time="0.002"/>
  <testcase name="testTakeFromCommandLineSeed{int, int, boolean}[3]" classname="pl.polsl.kubala.patryk.model.ModelTest" time="0.004"/>
  <testcase name="testTakeFromCommandLineSeed{int, int, boolean}[4]" classname="pl.polsl.kubala.patryk.model.ModelTest" time="0"/>
  <testcase name="testTakeFromCommandLineDecrypt{String, String, String, boolean}[1]" classname="pl.polsl.kubala.patryk.model.ModelTest" time="0.001"/>
  <testcase name="testTakeFromCommandLineDecrypt{String, String, String, boolean}[2]" classname="pl.polsl.kubala.patryk.model.ModelTest" time="0"/>
  <testcase name="testTakeFromCommandLineDecrypt{String, String, String, boolean}[3]" classname="pl.polsl.kubala.patryk.model.ModelTest" time="0"/>
  <testcase name="testTakeFromCommandLineDecrypt{String, String, String, boolean}[4]" classname="pl.polsl.kubala.patryk.model.ModelTest" time="0.002"/>
  <testcase name="testTakeFromCommandLineDecrypt{String, String, String, boolean}[5]" classname="pl.polsl.kubala.patryk.model.ModelTest" time="0"/>
  <testcase name="testSetchoiceEnum" classname="pl.polsl.kubala.patryk.model.ModelTest" time="0.002"/>
</testsuite>