<?xml version="1.0" encoding="UTF-8"?>
<testsuite xmlns:xsi="http://www.w3.org/2001/XMLSchema-instance" xsi:noNamespaceSchemaLocation="https://maven.apache.org/surefire/maven-surefire-plugin/xsd/surefire-test-report.xsd" name="pl.polsl.kubala.patryk.model.ModelTest" time="0.942" tests="23" errors="0" skipped="0" failures="2">
  <properties>
[...]
</properties>
  <testcase name="testDecodeText{String, String, boolean}[1]" classname="pl.polsl.kubala.patryk.model.ModelTest" time="0.119"/>
  <testcase name="testDecodeText{String, String, boolean}[2]" classname="pl.polsl.kubala.patryk.model.ModelTest" time="0.089"/>
  <testcase name="testDecodeText{String, String, boolean}[3]" classname="pl.polsl.kubala.patryk.model.ModelTest" time="0.086"/>
  <testcase name="setSeedTest{int}[1]" classname="pl.polsl.kubala.patryk.model.ModelTest" time="0.068"/>
  <testcase name="setSeedTest{int}[2]" classname="pl.polsl.kubala.patryk.model.ModelTest" time="0.053"/>
  <testcase name="setSeedTest{int}[3]" classname="pl.polsl.kubala.patryk.model.ModelTest" time="0.048"/>
  <testcase name="setSeedTest{int}[4]" classname="pl.polsl.kubala.patryk.model.ModelTest" time="0.051"/>
  <testcase name="setSeedTest{int}[5]" classname="pl.polsl.kubala.patryk.model.ModelTest" time="0.049"/>
  <testcase name="setSeedTest{int}[6]" classname="pl.polsl.kubala.patryk.model.ModelTest" time="0.054"/>
  <testcase name="testEncodeText{String, String, boolean}[1]" classname="pl.polsl.kubala.patryk.model.ModelTest" time="0.06">
    <failure message="Error ==&gt; expected: &lt;591 180 949 730 847 411&gt; but was: &lt;568 203 385 741 156 411 &gt;" type="org.opentest4j.AssertionFailedError"><![CDATA[org.opentest4j.AssertionFailedError: Error ==> expected: <591 180 949 730 847 411> but was: <568 203 385 741 156 411 >
	at pl.polsl.kubala.patryk.model.ModelTest.testEncodeText(ModelTest.java:229)
]]></failure>
    <system-out><![CDATA[encodeText
]]></system-out>
  </testcase>
  <testcase name="testEncodeText{String, String, boolean}[2]" classname="pl.polsl.kubala.patryk.model.ModelTest" time="0.052"/>
  <testcase name="testEncodeText{String, String, boolean}[3]" classname="pl.polsl.kubala.patryk.model.ModelTest" time="0.053">
    <failure message="Error ==&gt; expected: &lt;591&gt; but was: &lt;568 &gt;" type="org.opentest4j.AssertionFailedError"><![CDATA[org.opentest4j.AssertionFailedError: Error ==> expected: <591> but was: <568 >
	at pl.polsl.kubala.patryk.model.ModelTest.testEncodeText(ModelTest.java:229)
]]></failure>
    <system-out><![CDATA[encodeText
]]></system-out>
  </testcase>
  <testcase name="testEncodeText{String, String, boolean}[4]" classname="pl.polsl.kubala.patryk.model.ModelTest" time="0.08"/>
  <testcase name="testTakeFromCommandLineSeed{int, int, boolean}[1]" classname="pl.polsl.kubala.patryk.model.ModelTest" time="0.006"/>
  <testcase name="testTakeFromCommandLineSeed{int, int, boolean}[2]" classname="pl.polsl.kubala.patryk.model.ModelTest" time="0.002"/>
  <testcase name="testTakeFromCommandLineSeed{int, int, boolean}[3]" classname="pl.polsl.kubala.patryk.model.ModelTest" time="0.004"/>
  <testcase name="testTakeFromCommandLineSeed{int, int, boolean}[4]" classname="pl.polsl.kubala.patryk.model.ModelTest" time="0"/>
  <testcase name="testTakeFromCommandLineDecrypt{String, String, String, boolean}[1]" classname="pl.polsl.kubala.patryk.model.ModelTest" time="0.001"/>
  <testcase name="testTakeFromCommandLineDecrypt{String, String, String, boolean}[2]" classname="pl.polsl.kubala.patryk.model.ModelTest" time="0"/>
  <testcase name="testTakeFromCommandLineDecrypt{String, String, String, boolean}[3]" classname="pl.polsl.kubala.patryk.model.ModelTest" time="0"/>
  <testcase name="testTakeFromCommandLineDecrypt{String, String, String, boolean}[4]" classname="pl.polsl.kubala.patryk.model.ModelTest" time="0.002"/>
  <testcase name="testTakeFromCommandLineDecrypt{String, String, String, boolean}[5]" classname="pl.polsl.kubala.patryk.model.ModelTest" time="0"/>
  <testcase name="testSetchoiceEnum" classname="pl.polsl.kubala.patryk.model.ModelTest" time="0.002"/>
</testsuite>